Tested Build on Linux FC-5:

Failed IT Tests from trunk:
Failed tests:
  testitMNG3341(org.apache.maven.integrationtests.MavenITmng3341MetadataUpdatedFromDeploymentRepositoryTest)
Tests in error:
  testitMNG3380(org.apache.maven.integrationtests.MavenITmng3380ManagedRelocatedTransdepsTest)

These two IT tests also fail with new builder code. IT0095 - fails with new builder code since the behavior of constructing the SCM tag has
changed to only use artifact id, not module.

maven-embedder EmbedderUsingScmPluginTest fails due to incorrect locale.

----------------------------------------------------
[INFO] Building Maven Quick Start Archetype
[INFO]
[INFO] Id: org.apache.maven:embedder-test-project:jar:1.0-SNAPSHOT
[INFO] task-segment: [org.apache.maven.plugins:maven-scm-plugin:1.0:diff] (aggregator-style)
[INFO] ------------------------------------------------------------------------
[INFO] [scm:diff]
[INFO] Executing: svn --non-interactive diff
[INFO] Working directory: /home/shane/checkout/SI_MAVEN_2_1_A/maven-embedder/target/scm-plugin-from-embedder
[ERROR] Provider message:
[ERROR] The svn command failed.
[ERROR] Command output:
[ERROR] svn: error: cannot set LC_ALL locale
svn: error: environment variable LANG is en_US.UTF-8
svn: error: please check that your locale name is correct

org.apache.maven.lifecycle.LifecycleExecutionException: Internal error in the plugin manager executing goal 'org.apache.maven.plugins:maven-scm-plugin:1.0:diff': Mojo execution failed.
	at org.apache.maven.lifecycle.DefaultLifecycleExecutor.executeGoalAndHandleFailures(DefaultLifecycleExecutor.java:525)
	at org.apache.maven.lifecycle.DefaultLifecycleExecutor.executeTaskSegmentForProject(DefaultLifecycleExecutor.java:285)
	at org.apache.maven.lifecycle.DefaultLifecycleExecutor.executeTaskSegments(DefaultLifecycleExecutor.java:200)
	at org.apache.maven.lifecycle.DefaultLifecycleExecutor.execute(DefaultLifecycleExecutor.java:169)
	at org.apache.maven.DefaultMaven.execute(DefaultMaven.java:223)
	at org.apache.maven.embedder.MavenEmbedder.execute(MavenEmbedder.java:904)
	at org.apache.maven.embedder.execution.AbstractEmbedderExecutionTestCase.runWithProject(AbstractEmbedderExecutionTestCase.java:100)
	at org.apache.maven.embedder.execution.AbstractEmbedderExecutionTestCase.runWithProject(AbstractEmbedderExecutionTestCase.java:48)
	at org.apache.maven.embedder.execution.EmbedderUsingScmPluginTest.testRunningScmPlugin(EmbedderUsingScmPluginTest.java:47)
	at sun.reflect.NativeMethodAccessorImpl.invoke0(Native Method)
	at sun.reflect.NativeMethodAccessorImpl.invoke(NativeMethodAccessorImpl.java:39)
	at sun.reflect.DelegatingMethodAccessorImpl.invoke(DelegatingMethodAccessorImpl.java:25)
	at java.lang.reflect.Method.invoke(Method.java:597)
	at junit.framework.TestCase.runTest(TestCase.java:154)
	at junit.framework.TestCase.runBare(TestCase.java:127)
	at junit.framework.TestResult$1.protect(TestResult.java:106)
	at junit.framework.TestResult.runProtected(TestResult.java:124)
	at junit.framework.TestResult.run(TestResult.java:109)
	at junit.framework.TestCase.run(TestCase.java:118)
	at junit.textui.TestRunner.doRun(TestRunner.java:116)
	at com.intellij.rt.execution.junit.IdeaTestRunner.doRun(IdeaTestRunner.java:65)
	at junit.textui.TestRunner.doRun(TestRunner.java:109)
	at com.intellij.rt.execution.junit.IdeaTestRunner.startRunnerWithArgs(IdeaTestRunner.java:24)
	at com.intellij.rt.execution.junit.JUnitStarter.prepareStreamsAndStart(JUnitStarter.java:118)
	at com.intellij.rt.execution.junit.JUnitStarter.main(JUnitStarter.java:40)
	at sun.reflect.NativeMethodAccessorImpl.invoke0(Native Method)
	at sun.reflect.NativeMethodAccessorImpl.invoke(NativeMethodAccessorImpl.java:39)
	at sun.reflect.DelegatingMethodAccessorImpl.invoke(DelegatingMethodAccessorImpl.java:25)
	at java.lang.reflect.Method.invoke(Method.java:597)
	at com.intellij.rt.execution.application.AppMain.main(AppMain.java:90)
Caused by: org.apache.maven.plugin.PluginExecutionException: Mojo execution failed.
	at org.apache.maven.plugin.DefaultPluginManager.executeMojo(DefaultPluginManager.java:660)
	at org.apache.maven.lifecycle.DefaultLifecycleExecutor.executeGoalAndHandleFailures(DefaultLifecycleExecutor.java:518)
	... 29 more
Caused by: org.apache.maven.plugin.MojoExecutionException: Command failed.The svn command failed.
	at org.apache.maven.scm.plugin.AbstractScmMojo.checkResult(AbstractScmMojo.java:398)
	at org.apache.maven.scm.plugin.DiffMojo.execute(DiffMojo.java:92)
	at org.apache.maven.plugin.DefaultPluginManager.executeMojo(DefaultPluginManager.java:638)
	... 30 more

junit.framework.AssertionFailedError: Encountered Exceptions in MavenExecutionResult during testRunningScmPlugin
	at org.apache.maven.embedder.execution.AbstractEmbedderExecutionTestCase.assertNoExceptions(AbstractEmbedderExecutionTestCase.java:123)
	at org.apache.maven.embedder.execution.AbstractEmbedderExecutionTestCase.runWithProject(AbstractEmbedderExecutionTestCase.java:102)
	at org.apache.maven.embedder.execution.AbstractEmbedderExecutionTestCase.runWithProject(AbstractEmbedderExecutionTestCase.java:48)
	at org.apache.maven.embedder.execution.EmbedderUsingScmPluginTest.testRunningScmPlugin(EmbedderUsingScmPluginTest.java:47)
	at sun.reflect.NativeMethodAccessorImpl.invoke0(Native Method)
	at sun.reflect.NativeMethodAccessorImpl.invoke(NativeMethodAccessorImpl.java:39)
	at sun.reflect.DelegatingMethodAccessorImpl.invoke(DelegatingMethodAccessorImpl.java:25)
	at com.intellij.rt.execution.junit.JUnitStarter.main(JUnitStarter.java:40)
	at sun.reflect.NativeMethodAccessorImpl.invoke0(Native Method)
	at sun.reflect.NativeMethodAccessorImpl.invoke(NativeMethodAccessorImpl.java:39)
	at sun.reflect.DelegatingMethodAccessorImpl.invoke(DelegatingMethodAccessorImpl.java:25)
	at com.intellij.rt.execution.application.AppMain.main(AppMain.java:90)